We have 6 prisoners in this prison
Running prisoner14 against prisoner_code_name_d.
Running prisoner14 against prisoner1.
Running prisoner14 against prisoner93.
Running prisoner14 against prisoner0.
Running prisoner14 against prisoner66.
Running prisoner_code_name_d against prisoner1.
Running prisoner_code_name_d against prisoner93.
Running prisoner_code_name_d against prisoner0.
Running prisoner_code_name_d against prisoner66.
Running prisoner1 against prisoner93.
Running prisoner1 against prisoner0.
Running prisoner1 against prisoner66.
Running prisoner93 against prisoner0.
Running prisoner93 against prisoner66.
Running prisoner0 against prisoner66.
Running prisoner14 against prisoner_code_name_d.
Running prisoner14 against prisoner1.
Running prisoner14 against prisoner93.
Running prisoner14 against prisoner0.
Running prisoner14 against prisoner66.
Running prisoner_code_name_d against prisoner1.
Running prisoner_code_name_d against prisoner93.
Running prisoner_code_name_d against prisoner0.
Running prisoner_code_name_d against prisoner66.
Running prisoner1 against prisoner93.
Running prisoner1 against prisoner0.
Running prisoner1 against prisoner66.
Running prisoner93 against prisoner0.
Running prisoner93 against prisoner66.
Running prisoner0 against prisoner66.
Running prisoner14 against prisoner_code_name_d.
Running prisoner14 against prisoner1.
Running prisoner14 against prisoner93.
Running prisoner14 against prisoner0.
Running prisoner14 against prisoner66.
Running prisoner_code_name_d against prisoner1.
Running prisoner_code_name_d against prisoner93.
Running prisoner_code_name_d against prisoner0.
Running prisoner_code_name_d against prisoner66.
Running prisoner1 against prisoner93.
Running prisoner1 against prisoner0.
Running prisoner1 against prisoner66.
Running prisoner93 against prisoner0.
Running prisoner93 against prisoner66.
Running prisoner0 against prisoner66.
Running prisoner14 against prisoner_code_name_d.
Running prisoner14 against prisoner1.
Running prisoner14 against prisoner93.
Running prisoner14 against prisoner0.
Running prisoner14 against prisoner66.
Running prisoner_code_name_d against prisoner1.
Running prisoner_code_name_d against prisoner93.
Running prisoner_code_name_d against prisoner0.
Running prisoner_code_name_d against prisoner66.
Running prisoner1 against prisoner93.
Running prisoner1 against prisoner0.
Running prisoner1 against prisoner66.
Running prisoner93 against prisoner0.
Running prisoner93 against prisoner66.
Running prisoner0 against prisoner66.
Running prisoner14 against prisoner_code_name_d.
Running prisoner14 against prisoner1.
Running prisoner14 against prisoner93.
Running prisoner14 against prisoner0.
Running prisoner14 against prisoner66.
Running prisoner_code_name_d against prisoner1.
Running prisoner_code_name_d against prisoner93.
Running prisoner_code_name_d against prisoner0.
Running prisoner_code_name_d against prisoner66.
Running prisoner1 against prisoner93.
Running prisoner1 against prisoner0.
Running prisoner1 against prisoner66.
Running prisoner93 against prisoner0.
Running prisoner93 against prisoner66.
Running prisoner0 against prisoner66.
Running prisoner14 against prisoner_code_name_d.
Running prisoner14 against prisoner1.
Running prisoner14 against prisoner93.
Running prisoner14 against prisoner0.
Running prisoner14 against prisoner66.
Running prisoner_code_name_d against prisoner1.
Running prisoner_code_name_d against prisoner93.
Running prisoner_code_name_d against prisoner0.
Running prisoner_code_name_d against prisoner66.
Running prisoner1 against prisoner93.
Running prisoner1 against prisoner0.
Running prisoner1 against prisoner66.
Running prisoner93 against prisoner0.
Running prisoner93 against prisoner66.
Running prisoner0 against prisoner66.
Running prisoner14 against prisoner_code_name_d.
Running prisoner14 against prisoner1.
Running prisoner14 against prisoner93.
Running prisoner14 against prisoner0.
Running prisoner14 against prisoner66.
Running prisoner_code_name_d against prisoner1.
Running prisoner_code_name_d against prisoner93.
Running prisoner_code_name_d against prisoner0.
Running prisoner_code_name_d against prisoner66.
Running prisoner1 against prisoner93.
Running prisoner1 against prisoner0.
Running prisoner1 against prisoner66.
Running prisoner93 against prisoner0.
Running prisoner93 against prisoner66.
Running prisoner0 against prisoner66.
Running prisoner14 against prisoner_code_name_d.
Running prisoner14 against prisoner1.
Running prisoner14 against prisoner93.
Running prisoner14 against prisoner0.
Running prisoner14 against prisoner66.
Running prisoner_code_name_d against prisoner1.
Running prisoner_code_name_d against prisoner93.
Running prisoner_code_name_d against prisoner0.
Running prisoner_code_name_d against prisoner66.
Running prisoner1 against prisoner93.
Running prisoner1 against prisoner0.
Running prisoner1 against prisoner66.
Running prisoner93 against prisoner0.
Running prisoner93 against prisoner66.
Running prisoner0 against prisoner66.
Running prisoner14 against prisoner_code_name_d.
Running prisoner14 against prisoner1.
Running prisoner14 against prisoner93.
Running prisoner14 against prisoner0.
Running prisoner14 against prisoner66.
Running prisoner_code_name_d against prisoner1.
Running prisoner_code_name_d against prisoner93.
Running prisoner_code_name_d against prisoner0.
Running prisoner_code_name_d against prisoner66.
Running prisoner1 against prisoner93.
Running prisoner1 against prisoner0.
Running prisoner1 against prisoner66.
Running prisoner93 against prisoner0.
Running prisoner93 against prisoner66.
Running prisoner0 against prisoner66.
Running prisoner14 against prisoner_code_name_d.
Running prisoner14 against prisoner1.
Running prisoner14 against prisoner93.
Running prisoner14 against prisoner0.
Running prisoner14 against prisoner66.
Running prisoner_code_name_d against prisoner1.
Running prisoner_code_name_d against prisoner93.
Running prisoner_code_name_d against prisoner0.
Running prisoner_code_name_d against prisoner66.
Running prisoner1 against prisoner93.
Running prisoner1 against prisoner0.
Running prisoner1 against prisoner66.
Running prisoner93 against prisoner0.
Running prisoner93 against prisoner66.
Running prisoner0 against prisoner66.
Prisoner answer counts:
prisoner66:BothDefected:9
prisoner1:Cooperate:50
prisoner0:Betrayed:28
prisoner14:Defect:37
prisoner66:WasBetrayed:21
prisoner1:WasBetrayed:32
prisoner0:Defect:50
prisoner_code_name_d:Defect:50
prisoner93:Cooperate:44
prisoner66:Cooperate:34
prisoner14:BothCooperated:7
prisoner14:Betrayed:20
prisoner93:BothDefected:3
prisoner0:BothDefected:22
prisoner_code_name_d:BothDefected:19
prisoner14:BothDefected:17
prisoner_code_name_d:Betrayed:31
prisoner14:WasBetrayed:6
prisoner1:BothCooperated:18
prisoner93:Betrayed:3
prisoner14:Cooperate:13
prisoner93:BothCooperated:14
prisoner66:BothCooperated:13
prisoner66:Betrayed:7
prisoner66:Defect:16
prisoner93:WasBetrayed:30
prisoner93:Defect:6
